This file contains any messages produced by compilers while
running configure, to aid debugging if configure makes a mistake.

It was created by configure, which was
generated by GNU Autoconf 2.61.  Invocation command line was

  $ ./configure 

## --------- ##
## Platform. ##
## --------- ##

hostname = ganon
uname -m = i686
uname -r = 2.6.24-22-generic
uname -s = Linux
uname -v = #1 SMP Mon Nov 24 18:32:42 UTC 2008

/usr/bin/uname -p = unknown
/bin/uname -X     = unknown

/bin/arch              = unknown
/usr/bin/arch -k       = unknown
/usr/convex/getsysinfo = unknown
/usr/bin/hostinfo      = unknown
/bin/machine           = unknown
/usr/bin/oslevel       = unknown
/bin/universe          = unknown

PATH: /home/doug/bin
PATH: /usr/local/sbin
PATH: /usr/local/bin
PATH: /usr/sbin
PATH: /usr/bin
PATH: /sbin
PATH: /bin
PATH: /usr/games


## ----------- ##
## Core tests. ##
## ----------- ##

configure:1762: checking for a BSD-compatible install
configure:1818: result: /usr/bin/install -c
configure:1829: checking whether build environment is sane
configure:1872: result: yes
configure:1896: WARNING: `missing' script is too old or missing
configure:1900: checking for a thread-safe mkdir -p
configure:1939: result: /bin/mkdir -p
configure:1952: checking for gawk
configure:1968: found /usr/bin/gawk
configure:1979: result: gawk
configure:1990: checking whether make sets $(MAKE)
configure:2011: result: yes
configure:2249: checking for gcc
configure:2265: found /usr/bin/gcc
configure:2276: result: gcc
configure:2514: checking for C compiler version
configure:2521: gcc --version >&5
gcc (GCC) 3.4.6 (Ubuntu 3.4.6-6ubuntu5)
Copyright (C) 2006 Free Software Foundation, Inc.
This is free software; see the source for copying conditions.  There is NO
warranty; not even for MERCHANTABILITY or FITNESS FOR A PARTICULAR PURPOSE.

configure:2524: $? = 0
configure:2531: gcc -v >&5
Reading specs from /usr/lib/gcc/i486-linux-gnu/3.4.6/specs
Configured with: ../src/configure -v --enable-languages=c,c++,f77,pascal --prefix=/usr --libexecdir=/usr/lib --with-gxx-include-dir=/usr/include/c++/3.4 --enable-shared --with-system-zlib --enable-nls --without-included-gettext --program-suffix=-3.4 --enable-__cxa_atexit --enable-clocale=gnu --enable-libstdcxx-debug --with-tune=pentium4 i486-linux-gnu
Thread model: posix
gcc version 3.4.6 (Ubuntu 3.4.6-6ubuntu5)
configure:2534: $? = 0
configure:2541: gcc -V >&5
gcc: `-V' option must have argument
configure:2544: $? = 1
configure:2567: checking for C compiler default output file name
configure:2594: gcc    conftest.c  >&5
configure:2597: $? = 0
configure:2635: result: a.out
configure:2652: checking whether the C compiler works
configure:2662: ./a.out
configure:2665: $? = 0
configure:2682: result: yes
configure:2689: checking whether we are cross compiling
configure:2691: result: no
configure:2694: checking for suffix of executables
configure:2701: gcc -o conftest    conftest.c  >&5
configure:2704: $? = 0
configure:2728: result: 
configure:2734: checking for suffix of object files
configure:2760: gcc -c   conftest.c >&5
configure:2763: $? = 0
configure:2786: result: o
configure:2790: checking whether we are using the GNU C compiler
configure:2819: gcc -c   conftest.c >&5
configure:2825: $? = 0
configure:2842: result: yes
configure:2847: checking whether gcc accepts -g
configure:2877: gcc -c -g  conftest.c >&5
configure:2883: $? = 0
configure:2982: result: yes
configure:2999: checking for gcc option to accept ISO C89
configure:3073: gcc  -c -g -O2  conftest.c >&5
configure:3079: $? = 0
configure:3102: result: none needed
configure:3131: checking for style of include used by make
configure:3159: result: GNU
configure:3184: checking dependency style of gcc
configure:3275: result: none
configure:3303: checking for a BSD-compatible install
configure:3359: result: /usr/bin/install -c
configure:3370: checking whether make sets $(MAKE)
configure:3391: result: yes
configure:3443: checking for ranlib
configure:3459: found /usr/bin/ranlib
configure:3470: result: ranlib
configure:3499: checking for main in -lc
configure:3528: gcc -o conftest -g -O2   conftest.c -lc   >&5
configure:3534: $? = 0
configure:3552: result: yes
configure:3564: checking for main in -lssl
configure:3593: gcc -o conftest -g -O2   conftest.c -lssl  -lc  >&5
configure:3599: $? = 0
configure:3617: result: yes
configure:3629: checking for dlopen in -ldl
configure:3664: gcc -o conftest -g -O2   conftest.c -ldl  -lssl -lc  >&5
configure:3670: $? = 0
configure:3688: result: yes
configure:3700: checking how to run the C preprocessor
configure:3740: gcc -E  conftest.c
configure:3746: $? = 0
configure:3777: gcc -E  conftest.c
conftest.c:12:28: ac_nonexistent.h: No such file or directory
configure:3783: $? = 1
configure: failed program was:
| /* confdefs.h.  */
| #define PACKAGE_NAME ""
| #define PACKAGE_TARNAME ""
| #define PACKAGE_VERSION ""
| #define PACKAGE_STRING ""
| #define PACKAGE_BUGREPORT ""
| #define PACKAGE "spike"
| #define VERSION "2.9"
| #define HAVE_LIBC 1
| #define HAVE_LIBSSL 1
| /* end confdefs.h.  */
| #include <ac_nonexistent.h>
configure:3816: result: gcc -E
configure:3845: gcc -E  conftest.c
configure:3851: $? = 0
configure:3882: gcc -E  conftest.c
conftest.c:12:28: ac_nonexistent.h: No such file or directory
configure:3888: $? = 1
configure: failed program was:
| /* confdefs.h.  */
| #define PACKAGE_NAME ""
| #define PACKAGE_TARNAME ""
| #define PACKAGE_VERSION ""
| #define PACKAGE_STRING ""
| #define PACKAGE_BUGREPORT ""
| #define PACKAGE "spike"
| #define VERSION "2.9"
| #define HAVE_LIBC 1
| #define HAVE_LIBSSL 1
| /* end confdefs.h.  */
| #include <ac_nonexistent.h>
configure:3926: checking for grep that handles long lines and -e
configure:4000: result: /bin/grep
configure:4005: checking for egrep
configure:4083: result: /bin/grep -E
configure:4088: checking for ANSI C header files
configure:4118: gcc -c -g -O2  conftest.c >&5
configure:4124: $? = 0
configure:4223: gcc -o conftest -g -O2   conftest.c -lssl -lc  >&5
configure:4226: $? = 0
configure:4232: ./conftest
configure:4235: $? = 0
configure:4252: result: yes
configure:4262: checking for sys/wait.h that is POSIX.1 compatible
configure:4298: gcc -c -g -O2  conftest.c >&5
configure:4304: $? = 0
configure:4319: result: yes
configure:4343: checking for sys/types.h
configure:4364: gcc -c -g -O2  conftest.c >&5
configure:4370: $? = 0
configure:4386: result: yes
configure:4343: checking for sys/stat.h
configure:4364: gcc -c -g -O2  conftest.c >&5
configure:4370: $? = 0
configure:4386: result: yes
configure:4343: checking for stdlib.h
configure:4364: gcc -c -g -O2  conftest.c >&5
configure:4370: $? = 0
configure:4386: result: yes
configure:4343: checking for string.h
configure:4364: gcc -c -g -O2  conftest.c >&5
configure:4370: $? = 0
configure:4386: result: yes
configure:4343: checking for memory.h
configure:4364: gcc -c -g -O2  conftest.c >&5
configure:4370: $? = 0
configure:4386: result: yes
configure:4343: checking for strings.h
configure:4364: gcc -c -g -O2  conftest.c >&5
configure:4370: $? = 0
configure:4386: result: yes
configure:4343: checking for inttypes.h
configure:4364: gcc -c -g -O2  conftest.c >&5
configure:4370: $? = 0
configure:4386: result: yes
configure:4343: checking for stdint.h
configure:4364: gcc -c -g -O2  conftest.c >&5
configure:4370: $? = 0
configure:4386: result: yes
configure:4343: checking for unistd.h
configure:4364: gcc -c -g -O2  conftest.c >&5
configure:4370: $? = 0
configure:4386: result: yes
configure:4416: checking fcntl.h usability
configure:4433: gcc -c -g -O2  conftest.c >&5
configure:4439: $? = 0
configure:4453: result: yes
configure:4457: checking fcntl.h presence
configure:4472: gcc -E  conftest.c
configure:4478: $? = 0
configure:4492: result: yes
configure:4520: checking for fcntl.h
configure:4528: result: yes
configure:4416: checking malloc.h usability
configure:4433: gcc -c -g -O2  conftest.c >&5
configure:4439: $? = 0
configure:4453: result: yes
configure:4457: checking malloc.h presence
configure:4472: gcc -E  conftest.c
configure:4478: $? = 0
configure:4492: result: yes
configure:4520: checking for malloc.h
configure:4528: result: yes
configure:4416: checking sys/time.h usability
configure:4433: gcc -c -g -O2  conftest.c >&5
configure:4439: $? = 0
configure:4453: result: yes
configure:4457: checking sys/time.h presence
configure:4472: gcc -E  conftest.c
configure:4478: $? = 0
configure:4492: result: yes
configure:4520: checking for sys/time.h
configure:4528: result: yes
configure:4406: checking for unistd.h
configure:4412: result: yes
configure:4542: checking for an ANSI C-conforming const
configure:4617: gcc -c -g -O2  conftest.c >&5
configure:4623: $? = 0
configure:4638: result: yes
configure:4648: checking for pid_t
configure:4678: gcc -c -g -O2  conftest.c >&5
configure:4684: $? = 0
configure:4699: result: yes
configure:4711: checking for size_t
configure:4741: gcc -c -g -O2  conftest.c >&5
configure:4747: $? = 0
configure:4762: result: yes
configure:4774: checking whether time.h and sys/time.h may both be included
configure:4804: gcc -c -g -O2  conftest.c >&5
configure:4810: $? = 0
configure:4825: result: yes
configure:4836: checking for working memcmp
configure:4889: gcc -o conftest -g -O2   conftest.c -lssl -lc  >&5
configure:4892: $? = 0
configure:4898: ./conftest
configure:4901: $? = 0
configure:4917: result: yes
configure:4926: checking return type of signal handlers
configure:4954: gcc -c -g -O2  conftest.c >&5
conftest.c: In function `main':
conftest.c:34: error: void value not ignored as it ought to be
configure:4960: $? = 1
configure: failed program was:
| /* confdefs.h.  */
| #define PACKAGE_NAME ""
| #define PACKAGE_TARNAME ""
| #define PACKAGE_VERSION ""
| #define PACKAGE_STRING ""
| #define PACKAGE_BUGREPORT ""
| #define PACKAGE "spike"
| #define VERSION "2.9"
| #define HAVE_LIBC 1
| #define HAVE_LIBSSL 1
| #define STDC_HEADERS 1
| #define HAVE_SYS_WAIT_H 1
| #define HAVE_SYS_TYPES_H 1
| #define HAVE_SYS_STAT_H 1
| #define HAVE_STDLIB_H 1
| #define HAVE_STRING_H 1
| #define HAVE_MEMORY_H 1
| #define HAVE_STRINGS_H 1
| #define HAVE_INTTYPES_H 1
| #define HAVE_STDINT_H 1
| #define HAVE_UNISTD_H 1
| #define HAVE_FCNTL_H 1
| #define HAVE_MALLOC_H 1
| #define HAVE_SYS_TIME_H 1
| #define HAVE_UNISTD_H 1
| #define TIME_WITH_SYS_TIME 1
| /* end confdefs.h.  */
| #include <sys/types.h>
| #include <signal.h>
| 
| int
| main ()
| {
| return *(signal (0, 0)) (0) == 1;
|   ;
|   return 0;
| }
configure:4975: result: void
configure:4987: checking for vprintf
configure:5043: gcc -o conftest -g -O2   conftest.c -lssl -lc  >&5
conftest.c:52: warning: conflicting types for built-in function 'vprintf'
configure:5049: $? = 0
configure:5067: result: yes
configure:5074: checking for _doprnt
configure:5130: gcc -o conftest -g -O2   conftest.c -lssl -lc  >&5
/tmp/ccRwF7yi.o: In function `main':
/mnt/sdb/bin/rspike/ext/SPIKE/SPIKE/src/conftest.c:64: undefined reference to `_doprnt'
collect2: ld returned 1 exit status
configure:5136: $? = 1
configure: failed program was:
| /* confdefs.h.  */
| #define PACKAGE_NAME ""
| #define PACKAGE_TARNAME ""
| #define PACKAGE_VERSION ""
| #define PACKAGE_STRING ""
| #define PACKAGE_BUGREPORT ""
| #define PACKAGE "spike"
| #define VERSION "2.9"
| #define HAVE_LIBC 1
| #define HAVE_LIBSSL 1
| #define STDC_HEADERS 1
| #define HAVE_SYS_WAIT_H 1
| #define HAVE_SYS_TYPES_H 1
| #define HAVE_SYS_STAT_H 1
| #define HAVE_STDLIB_H 1
| #define HAVE_STRING_H 1
| #define HAVE_MEMORY_H 1
| #define HAVE_STRINGS_H 1
| #define HAVE_INTTYPES_H 1
| #define HAVE_STDINT_H 1
| #define HAVE_UNISTD_H 1
| #define HAVE_FCNTL_H 1
| #define HAVE_MALLOC_H 1
| #define HAVE_SYS_TIME_H 1
| #define HAVE_UNISTD_H 1
| #define TIME_WITH_SYS_TIME 1
| #define RETSIGTYPE void
| #define HAVE_VPRINTF 1
| /* end confdefs.h.  */
| /* Define _doprnt to an innocuous variant, in case <limits.h> declares _doprnt.
|    For example, HP-UX 11i <limits.h> declares gettimeofday.  */
| #define _doprnt innocuous__doprnt
| 
| /* System header to define __stub macros and hopefully few prototypes,
|     which can conflict with char _doprnt (); below.
|     Prefer <limits.h> to <assert.h> if __STDC__ is defined, since
|     <limits.h> exists even on freestanding compilers.  */
| 
| #ifdef __STDC__
| # include <limits.h>
| #else
| # include <assert.h>
| #endif
| 
| #undef _doprnt
| 
| /* Override any GCC internal prototype to avoid an error.
|    Use char because int might match the return type of a GCC
|    builtin and then its argument prototype would still apply.  */
| #ifdef __cplusplus
| extern "C"
| #endif
| char _doprnt ();
| /* The GNU C library defines this for functions which it implements
|     to always fail with ENOSYS.  Some functions are actually named
|     something starting with __ and the normal name is an alias.  */
| #if defined __stub__doprnt || defined __stub____doprnt
| choke me
| #endif
| 
| int
| main ()
| {
| return _doprnt ();
|   ;
|   return 0;
| }
configure:5153: result: no
configure:5175: checking for select
configure:5231: gcc -o conftest -g -O2   conftest.c -lssl -lc  >&5
configure:5237: $? = 0
configure:5255: result: yes
configure:5175: checking for socket
configure:5231: gcc -o conftest -g -O2   conftest.c -lssl -lc  >&5
configure:5237: $? = 0
configure:5255: result: yes
configure:5175: checking for strdup
configure:5231: gcc -o conftest -g -O2   conftest.c -lssl -lc  >&5
conftest.c:55: warning: conflicting types for built-in function 'strdup'
configure:5237: $? = 0
configure:5255: result: yes
configure:5175: checking for strstr
configure:5231: gcc -o conftest -g -O2   conftest.c -lssl -lc  >&5
conftest.c:56: warning: conflicting types for built-in function 'strstr'
configure:5237: $? = 0
configure:5255: result: yes
configure:5175: checking for strtoul
configure:5231: gcc -o conftest -g -O2   conftest.c -lssl -lc  >&5
configure:5237: $? = 0
configure:5255: result: yes
configure:5413: creating ./config.status

## ---------------------- ##
## Running config.status. ##
## ---------------------- ##

This file was extended by config.status, which was
generated by GNU Autoconf 2.61.  Invocation command line was

  CONFIG_FILES    = 
  CONFIG_HEADERS  = 
  CONFIG_LINKS    = 
  CONFIG_COMMANDS = 
  $ ./config.status 

on ganon

config.status:620: creating Makefile
config.status:811: executing depfiles commands

## ---------------- ##
## Cache variables. ##
## ---------------- ##

ac_cv_c_compiler_gnu=yes
ac_cv_c_const=yes
ac_cv_env_CC_set=
ac_cv_env_CC_value=
ac_cv_env_CFLAGS_set=
ac_cv_env_CFLAGS_value=
ac_cv_env_CPPFLAGS_set=
ac_cv_env_CPPFLAGS_value=
ac_cv_env_CPP_set=
ac_cv_env_CPP_value=
ac_cv_env_LDFLAGS_set=
ac_cv_env_LDFLAGS_value=
ac_cv_env_LIBS_set=
ac_cv_env_LIBS_value=
ac_cv_env_build_alias_set=
ac_cv_env_build_alias_value=
ac_cv_env_host_alias_set=
ac_cv_env_host_alias_value=
ac_cv_env_target_alias_set=
ac_cv_env_target_alias_value=
ac_cv_func__doprnt=no
ac_cv_func_memcmp_working=yes
ac_cv_func_select=yes
ac_cv_func_socket=yes
ac_cv_func_strdup=yes
ac_cv_func_strstr=yes
ac_cv_func_strtoul=yes
ac_cv_func_vprintf=yes
ac_cv_header_fcntl_h=yes
ac_cv_header_inttypes_h=yes
ac_cv_header_malloc_h=yes
ac_cv_header_memory_h=yes
ac_cv_header_stdc=yes
ac_cv_header_stdint_h=yes
ac_cv_header_stdlib_h=yes
ac_cv_header_string_h=yes
ac_cv_header_strings_h=yes
ac_cv_header_sys_stat_h=yes
ac_cv_header_sys_time_h=yes
ac_cv_header_sys_types_h=yes
ac_cv_header_sys_wait_h=yes
ac_cv_header_time=yes
ac_cv_header_unistd_h=yes
ac_cv_lib_c_main=yes
ac_cv_lib_dl_dlopen=yes
ac_cv_lib_ssl_main=yes
ac_cv_objext=o
ac_cv_path_EGREP='/bin/grep -E'
ac_cv_path_GREP=/bin/grep
ac_cv_path_install='/usr/bin/install -c'
ac_cv_path_mkdir=/bin/mkdir
ac_cv_prog_AWK=gawk
ac_cv_prog_CPP='gcc -E'
ac_cv_prog_ac_ct_CC=gcc
ac_cv_prog_ac_ct_RANLIB=ranlib
ac_cv_prog_cc_c89=
ac_cv_prog_cc_g=yes
ac_cv_prog_make_make_set=yes
ac_cv_type_pid_t=yes
ac_cv_type_signal=void
ac_cv_type_size_t=yes
am_cv_CC_dependencies_compiler_type=none

## ----------------- ##
## Output variables. ##
## ----------------- ##

ACLOCAL='aclocal-1.10'
AMDEPBACKSLASH='\'
AMDEP_FALSE='#'
AMDEP_TRUE=''
AMTAR='tar'
AUTOCONF='autoconf'
AUTOHEADER='autoheader'
AUTOMAKE='automake-1.10'
AWK='gawk'
CC='gcc'
CCDEPMODE='depmode=none'
CFLAGS='-g -O2'
CPP='gcc -E'
CPPFLAGS=''
CYGPATH_W='echo'
DEFS='-DPACKAGE_NAME=\"\" -DPACKAGE_TARNAME=\"\" -DPACKAGE_VERSION=\"\" -DPACKAGE_STRING=\"\" -DPACKAGE_BUGREPORT=\"\" -DPACKAGE=\"spike\" -DVERSION=\"2.9\" -DHAVE_LIBC=1 -DHAVE_LIBSSL=1 -DSTDC_HEADERS=1 -DHAVE_SYS_WAIT_H=1 -DHAVE_SYS_TYPES_H=1 -DHAVE_SYS_STAT_H=1 -DHAVE_STDLIB_H=1 -DHAVE_STRING_H=1 -DHAVE_MEMORY_H=1 -DHAVE_STRINGS_H=1 -DHAVE_INTTYPES_H=1 -DHAVE_STDINT_H=1 -DHAVE_UNISTD_H=1 -DHAVE_FCNTL_H=1 -DHAVE_MALLOC_H=1 -DHAVE_SYS_TIME_H=1 -DHAVE_UNISTD_H=1 -DTIME_WITH_SYS_TIME=1 -DRETSIGTYPE=void -DHAVE_VPRINTF=1 -DHAVE_SELECT=1 -DHAVE_SOCKET=1 -DHAVE_STRDUP=1 -DHAVE_STRSTR=1 -DHAVE_STRTOUL=1'
DEPDIR='.deps'
DL_LIB='-ldl'
ECHO_C=''
ECHO_N='-n'
ECHO_T=''
EGREP='/bin/grep -E'
EXEEXT=''
GREP='/bin/grep'
INSTALL_DATA='${INSTALL} -m 644'
INSTALL_PROGRAM='${INSTALL}'
INSTALL_SCRIPT='${INSTALL}'
INSTALL_STRIP_PROGRAM='$(install_sh) -c -s'
LDFLAGS=''
LIBOBJS=''
LIBS='-lssl -lc '
LTLIBOBJS=''
MAKEINFO='makeinfo'
OBJEXT='o'
PACKAGE='spike'
PACKAGE_BUGREPORT=''
PACKAGE_NAME=''
PACKAGE_STRING=''
PACKAGE_TARNAME=''
PACKAGE_VERSION=''
PATH_SEPARATOR=':'
RANLIB='ranlib'
SET_MAKE=''
SHELL='/bin/bash'
STRIP=''
VERSION='2.9'
ac_ct_CC='gcc'
am__fastdepCC_FALSE=''
am__fastdepCC_TRUE='#'
am__include='include'
am__isrc=''
am__leading_dot='.'
am__quote=''
am__tar='${AMTAR} chof - "$$tardir"'
am__untar='${AMTAR} xf -'
bindir='${exec_prefix}/bin'
build_alias=''
datadir='${datarootdir}'
datarootdir='${prefix}/share'
docdir='${datarootdir}/doc/${PACKAGE}'
dvidir='${docdir}'
exec_prefix='${prefix}'
host_alias=''
htmldir='${docdir}'
includedir='${prefix}/include'
infodir='${datarootdir}/info'
install_sh='$(SHELL) /mnt/sdb/bin/rspike/ext/SPIKE/SPIKE/src/install-sh'
libdir='${exec_prefix}/lib'
libexecdir='${exec_prefix}/libexec'
localedir='${datarootdir}/locale'
localstatedir='${prefix}/var'
mandir='${datarootdir}/man'
mkdir_p='/bin/mkdir -p'
oldincludedir='/usr/include'
pdfdir='${docdir}'
prefix='/usr/local'
program_transform_name='s,x,x,'
psdir='${docdir}'
sbindir='${exec_prefix}/sbin'
sharedstatedir='${prefix}/com'
sysconfdir='${prefix}/etc'
target_alias=''

## ----------- ##
## confdefs.h. ##
## ----------- ##

#define PACKAGE_NAME ""
#define PACKAGE_TARNAME ""
#define PACKAGE_VERSION ""
#define PACKAGE_STRING ""
#define PACKAGE_BUGREPORT ""
#define PACKAGE "spike"
#define VERSION "2.9"
#define HAVE_LIBC 1
#define HAVE_LIBSSL 1
#define STDC_HEADERS 1
#define HAVE_SYS_WAIT_H 1
#define HAVE_SYS_TYPES_H 1
#define HAVE_SYS_STAT_H 1
#define HAVE_STDLIB_H 1
#define HAVE_STRING_H 1
#define HAVE_MEMORY_H 1
#define HAVE_STRINGS_H 1
#define HAVE_INTTYPES_H 1
#define HAVE_STDINT_H 1
#define HAVE_UNISTD_H 1
#define HAVE_FCNTL_H 1
#define HAVE_MALLOC_H 1
#define HAVE_SYS_TIME_H 1
#define HAVE_UNISTD_H 1
#define TIME_WITH_SYS_TIME 1
#define RETSIGTYPE void
#define HAVE_VPRINTF 1
#define HAVE_SELECT 1
#define HAVE_SOCKET 1
#define HAVE_STRDUP 1
#define HAVE_STRSTR 1
#define HAVE_STRTOUL 1

configure: exit 0
