have_library: checking for new_spike() in -ldlrpc... -------------------- yes

"gcc -o conftest -I. -I/usr/lib/ruby/1.8/i486-linux -I.  -D_FILE_OFFSET_BITS=64 -fno-stack-protector -I../SPIKE/SPIKE/include -fno-strict-aliasing -g -g -O2  -fPIC   conftest.c  -L. -L/usr/lib -L. -Wl,-Bsymbolic-functions -rdynamic -Wl,-export-dynamic     -lruby1.8-static -ldlrpc  -lpthread -lrt -ldl -lcrypt -lm   -lc"
conftest.c: In function ‘t’:
conftest.c:3: error: ‘new_spike’ undeclared (first use in this function)
conftest.c:3: error: (Each undeclared identifier is reported only once
conftest.c:3: error: for each function it appears in.)
checked program was:
/* begin */
1: /*top*/
2: int main() { return 0; }
3: int t() { void ((*volatile p)()); p = (void ((*)()))new_spike; return 0; }
/* end */

"gcc -o conftest -I. -I/usr/lib/ruby/1.8/i486-linux -I.  -D_FILE_OFFSET_BITS=64 -fno-stack-protector -I../SPIKE/SPIKE/include -fno-strict-aliasing -g -g -O2  -fPIC   conftest.c  -L. -L/usr/lib -L. -Wl,-Bsymbolic-functions -rdynamic -Wl,-export-dynamic     -lruby1.8-static -ldlrpc  -lpthread -lrt -ldl -lcrypt -lm   -lc"
checked program was:
/* begin */
1: /*top*/
2: int main() { return 0; }
3: int t() { new_spike(); return 0; }
/* end */

--------------------

have_library: checking for main() in -ldl... -------------------- yes

"gcc -o conftest -I. -I/usr/lib/ruby/1.8/i486-linux -I.  -D_FILE_OFFSET_BITS=64 -fno-stack-protector -I../SPIKE/SPIKE/include -fno-strict-aliasing -g -g -O2  -fPIC   conftest.c  -L. -L/usr/lib -L. -Wl,-Bsymbolic-functions -rdynamic -Wl,-export-dynamic    -ldlrpc  -lruby1.8-static -ldl -ldlrpc  -lpthread -lrt -ldl -lcrypt -lm   -lc"
checked program was:
/* begin */
1: /*top*/
2: int main() { return 0; }
3: int t() { void ((*volatile p)()); p = (void ((*)()))main; return 0; }
/* end */

--------------------

